---- light / ericw-tools v0.18.1 ----
Raytracing backend: Embree
running with 12 threads
LoadBSPFile: 'dusk.bsp'
BSP is version 29
--- LoadEntities ---
80 entities read, 48 are lights.
--- OptionsSummary ---
Embree_TraceInit: Embree version: 2.15.0
Embree_TraceInit:
	808 sky faces
	15954 solid faces
	0 filtered faces
	0 shadow-casting skip faces
SetupLights: 48 initial lights
SetupLights: 48 after surface lights
SetupLights: 48 after jittering
--- EstimateLightVisibility ---
0....1....2....3....4....5....6....7....8....9...
Final count: 48 lights 0 suns in use.
--- LightWorld ---
0....1....2....3....4....5....6....7....8....9....
Lighting Completed.

lightdatasize: 138156
0 switchable light styles (32 max)
Writing dusk.bsp as BSP version 29
0.680 seconds elapsed

stats:
2.151651 lights tested, 0.968874 hits per sample point
0.000000 bounce lights tested, 0.000000 hits per sample point
0 empty lightmaps
